[2025-02-04T16:22:53.450116+00:00] app.INFO: Route accessed: [get] /user/1 [] []
[2025-02-04T16:40:42.761901+00:00] app.INFO: Monolog is working! [] []
[2025-02-04T16:49:48.445980+00:00] app.INFO: Request received {"path":"/user/1","method":"get"} []
[2025-02-04T16:49:48.448641+00:00] app.INFO: Monolog is working! [] []
[2025-02-04T16:51:04.692828+00:00] app.INFO: Request received {"path":"/user/1","method":"get"} []
[2025-02-04T16:51:09.079725+00:00] app.INFO: Request received {"path":"/user/1","method":"get"} []
[2025-02-04T16:51:20.419464+00:00] app.INFO: Request received {"path":"/user/1","method":"get"} []
[2025-02-04T16:51:20.420404+00:00] app.INFO: SELECT * FROM users WHERE id = :w0 AND username = :w1 LIMIT 1 [] []
[2025-02-04T16:52:46.104652+00:00] app.INFO: Request received {"path":"/user/1","method":"get"} []
[2025-02-04T16:52:46.105694+00:00] app.INFO: SELECT * FROM users WHERE id = :w0 AND username = :w1 LIMIT 1 [] []
[2025-02-04T16:55:02.940783+00:00] app.INFO: Request received {"path":"/user/1","method":"get"} []
[2025-02-04T16:55:02.942065+00:00] app.INFO: SELECT * FROM users WHERE id = :w0 AND username = :w1 LIMIT 1 [] []
[2025-02-04T16:56:06.933365+00:00] app.INFO: Request received {"path":"/user/1","method":"get"} []
[2025-02-04T16:56:06.934487+00:00] app.INFO: SELECT * FROM users WHERE id = :w0 AND username = :w1 LIMIT 1 [] []
[2025-02-04T18:51:49.887757+00:00] app.INFO: Request received {"path":"/user/1","method":"get"} []
[2025-02-04T18:52:08.987930+00:00] app.INFO: Request received {"path":"/user/1","method":"get"} []
[2025-02-04T18:52:08.989522+00:00] app.INFO: SELECT * FROM users WHERE id = :w0 AND username = :w1 LIMIT 1 [] []
[2025-02-04T19:42:44.949898+00:00] app.INFO: Request received {"path":"/user/1","method":"get"} []
[2025-02-04T19:42:44.953146+00:00] app.INFO: SELECT * FROM users WHERE id = :w0 AND username = :w1 LIMIT 1 [] []
[2025-02-04T19:43:45.686353+00:00] app.INFO: Request received {"path":"/user/1","method":"get"} []
[2025-02-04T19:43:45.687546+00:00] app.INFO: SELECT * FROM users WHERE id = :w0 AND username = :w1 LIMIT 1 [] []
[2025-02-04T19:45:27.447028+00:00] app.INFO: Request received {"path":"/user/1","method":"get"} []
[2025-02-04T19:45:27.448416+00:00] app.INFO: SELECT * FROM users WHERE id = :w0 AND username = :w1 LIMIT 1 [] []
[2025-02-04T19:46:16.173462+00:00] app.INFO: Request received {"path":"/user/1","method":"get"} []
[2025-02-04T19:46:16.174517+00:00] app.INFO: SELECT * FROM users WHERE id = :w0 AND username = :w1 LIMIT 1 [] []
[2025-02-04T19:46:19.078375+00:00] app.INFO: Request received {"path":"/","method":"get"} []
[2025-02-04T19:46:50.620416+00:00] app.INFO: Request received {"path":"/","method":"get"} []
[2025-02-04T19:46:51.120382+00:00] app.INFO: Request received {"path":"/","method":"get"} []
[2025-02-04T19:46:51.459645+00:00] app.INFO: Request received {"path":"/","method":"get"} []
[2025-02-04T19:46:51.632367+00:00] app.INFO: Request received {"path":"/","method":"get"} []
[2025-02-04T19:46:51.789878+00:00] app.INFO: Request received {"path":"/","method":"get"} []
[2025-02-04T19:46:51.878823+00:00] app.INFO: Request received {"path":"/","method":"get"} []
[2025-02-04T19:46:52.005691+00:00] app.INFO: Request received {"path":"/","method":"get"} []
[2025-02-04T19:46:52.189845+00:00] app.INFO: Request received {"path":"/","method":"get"} []
[2025-02-04T19:46:52.448127+00:00] app.INFO: Request received {"path":"/","method":"get"} []
[2025-02-04T19:46:52.614422+00:00] app.INFO: Request received {"path":"/","method":"get"} []
[2025-02-04T19:46:52.745452+00:00] app.INFO: Request received {"path":"/","method":"get"} []
[2025-02-04T19:46:52.889655+00:00] app.INFO: Request received {"path":"/","method":"get"} []
[2025-02-04T19:47:06.403992+00:00] app.INFO: Request received {"path":"/","method":"get"} []
[2025-02-04T19:47:06.827522+00:00] app.INFO: Request received {"path":"/","method":"get"} []
[2025-02-04T19:47:06.993892+00:00] app.INFO: Request received {"path":"/","method":"get"} []
[2025-02-04T19:47:07.155292+00:00] app.INFO: Request received {"path":"/","method":"get"} []
[2025-02-04T19:47:07.279362+00:00] app.INFO: Request received {"path":"/","method":"get"} []
[2025-02-04T19:47:07.427318+00:00] app.INFO: Request received {"path":"/","method":"get"} []
[2025-02-04T19:48:09.120376+00:00] app.INFO: Request received {"path":"/","method":"get"} []
[2025-02-04T19:48:23.334637+00:00] app.INFO: Request received {"path":"/","method":"get"} []
[2025-02-04T19:48:23.894812+00:00] app.INFO: Request received {"path":"/","method":"get"} []
[2025-02-04T19:48:24.524474+00:00] app.INFO: Request received {"path":"/","method":"get"} []
[2025-02-04T19:49:10.791491+00:00] app.INFO: Request received {"path":"/","method":"get"} []
[2025-02-04T19:49:17.600107+00:00] app.INFO: Request received {"path":"/","method":"get"} []
[2025-02-04T19:49:17.601001+00:00] app.ERROR: array_merge(): Argument #2 must be of type array, null given {"exception":"[object] (TypeError(code: 0): array_merge(): Argument #2 must be of type array, null given at /home/mawsis/MVC-php-core/core/Router.php:56)"} []
[2025-02-04T19:50:19.629442+00:00] app.INFO: Request received {"path":"/","method":"get"} []
[2025-02-04T19:50:19.630403+00:00] app.ERROR: array_merge(): Argument #2 must be of type array, null given {"exception":"[object] (TypeError(code: 0): array_merge(): Argument #2 must be of type array, null given at /home/mawsis/MVC-php-core/core/Router.php:56)"} []
[2025-02-04T19:51:00.435946+00:00] app.INFO: Request received {"path":"/","method":"get"} []
[2025-02-04T19:51:01.967712+00:00] app.INFO: Request received {"path":"/logout","method":"get"} []
[2025-02-04T19:51:01.980029+00:00] app.INFO: Request received {"path":"/","method":"get"} []
[2025-02-04T19:51:06.906637+00:00] app.INFO: Request received {"path":"/user/1","method":"get"} []
[2025-02-04T19:51:06.907943+00:00] app.INFO: SELECT * FROM users WHERE id = :w0 AND username = :w1 LIMIT 1 [] []
[2025-02-04T19:51:36.346783+00:00] app.INFO: Request received {"path":"/user/1","method":"get"} []
[2025-02-04T19:51:36.348499+00:00] app.INFO: SELECT * FROM users WHERE id = :w0 AND username = :w1 LIMIT 1 [] []
[2025-02-04T19:51:37.573535+00:00] app.INFO: Request received {"path":"/user/1","method":"get"} []
[2025-02-04T19:51:37.574713+00:00] app.INFO: SELECT * FROM users WHERE id = :w0 AND username = :w1 LIMIT 1 [] []
[2025-02-04T19:51:37.882014+00:00] app.INFO: Request received {"path":"/user/1","method":"get"} []
[2025-02-04T19:51:37.883244+00:00] app.INFO: SELECT * FROM users WHERE id = :w0 AND username = :w1 LIMIT 1 [] []
[2025-02-04T19:51:38.073877+00:00] app.INFO: Request received {"path":"/user/1","method":"get"} []
[2025-02-04T19:51:38.075094+00:00] app.INFO: SELECT * FROM users WHERE id = :w0 AND username = :w1 LIMIT 1 [] []
[2025-02-04T19:52:07.450546+00:00] app.INFO: Request received {"path":"/user/1","method":"get"} []
[2025-02-04T19:52:07.451731+00:00] app.INFO: SELECT * FROM users WHERE id = :w0 AND username = :w1 LIMIT 1 [] []
[2025-02-04T19:52:31.057883+00:00] app.INFO: Request received {"path":"/user/1","method":"get"} []
[2025-02-04T19:52:31.059053+00:00] app.INFO: SELECT * FROM users WHERE id = :w0 AND username = :w1 LIMIT 1 [] []
[2025-02-04T20:27:15.746915+00:00] app.INFO: Request received {"path":"/user/1","method":"get"} []
[2025-02-04T20:27:15.751723+00:00] app.INFO: SELECT * FROM users WHERE id = :w0 AND username = :w1 LIMIT 1 [] []
[2025-02-04T20:27:18.538117+00:00] app.INFO: Request received {"path":"/user/1","method":"get"} []
[2025-02-04T20:27:18.539408+00:00] app.INFO: SELECT * FROM users WHERE id = :w0 AND username = :w1 LIMIT 1 [] []
[2025-02-04T20:27:18.754617+00:00] app.INFO: Request received {"path":"/user/1","method":"get"} []
[2025-02-04T20:27:18.755960+00:00] app.INFO: SELECT * FROM users WHERE id = :w0 AND username = :w1 LIMIT 1 [] []
[2025-02-04T20:27:18.922706+00:00] app.INFO: Request received {"path":"/user/1","method":"get"} []
[2025-02-04T20:27:18.924296+00:00] app.INFO: SELECT * FROM users WHERE id = :w0 AND username = :w1 LIMIT 1 [] []
[2025-02-04T20:27:19.069487+00:00] app.INFO: Request received {"path":"/user/1","method":"get"} []
[2025-02-04T20:27:19.071100+00:00] app.INFO: SELECT * FROM users WHERE id = :w0 AND username = :w1 LIMIT 1 [] []
[2025-02-04T20:27:23.018061+00:00] app.INFO: Request received {"path":"/user/1","method":"get"} []
[2025-02-04T20:27:23.019435+00:00] app.INFO: SELECT * FROM users WHERE id = :w0 AND username = :w1 LIMIT 1 [] []
[2025-02-04T20:28:18.804839+00:00] app.INFO: Request received {"path":"/user/1","method":"get"} []
[2025-02-04T20:28:18.806110+00:00] app.INFO: SELECT * FROM users WHERE id = :w0 AND username = :w1 LIMIT 1 [] []
[2025-02-04T20:28:37.049633+00:00] app.INFO: Request received {"path":"/user/1","method":"get"} []
[2025-02-04T20:28:37.051023+00:00] app.INFO: SELECT * FROM users WHERE id = :w0 AND username = :w1 LIMIT 1 [] []
[2025-02-04T20:29:08.253055+00:00] app.INFO: Request received {"path":"/user/1","method":"get"} []
[2025-02-04T20:29:08.254457+00:00] app.INFO: SELECT * FROM users WHERE id = :w0 AND username = :w1 LIMIT 1 [] []
[2025-02-04T20:29:24.872484+00:00] app.INFO: Request received {"path":"/user/1","method":"get"} []
[2025-02-04T20:29:24.873939+00:00] app.INFO: SELECT * FROM users WHERE id = :w0 AND username = :w1 LIMIT 1 [] []
[2025-02-04T20:29:40.238072+00:00] app.INFO: Request received {"path":"/user/1","method":"get"} []
[2025-02-04T20:29:40.239358+00:00] app.INFO: SELECT * FROM users WHERE id = :w0 AND username = :w1 LIMIT 1 [] []
[2025-02-04T20:29:50.262498+00:00] app.INFO: Request received {"path":"/user/1","method":"get"} []
[2025-02-04T20:29:50.264168+00:00] app.INFO: SELECT * FROM users WHERE id = :w0 AND username = :w1 LIMIT 1 [] []
[2025-02-04T20:31:32.074912+00:00] app.INFO: Request received {"path":"/user/1","method":"get"} []
[2025-02-04T20:31:32.076224+00:00] app.INFO: SELECT * FROM users WHERE id = :w0 AND username = :w1 LIMIT 1 [] []
[2025-02-04T20:31:47.786607+00:00] app.INFO: Request received {"path":"/user/1","method":"get"} []
[2025-02-04T20:31:47.787884+00:00] app.INFO: SELECT * FROM users WHERE id = :w0 AND username = :w1 LIMIT 1 [] []
[2025-02-04T20:31:57.842279+00:00] app.INFO: Request received {"path":"/user/1","method":"get"} []
[2025-02-04T20:31:57.843656+00:00] app.INFO: SELECT * FROM users WHERE id = :w0 AND username = :w1 LIMIT 1 [] []
[2025-02-04T20:32:11.210632+00:00] app.INFO: Request received {"path":"/user/1","method":"get"} []
[2025-02-04T20:32:11.212054+00:00] app.INFO: SELECT * FROM users WHERE id = :w0 AND username = :w1 LIMIT 1 [] []
[2025-02-04T20:35:07.065992+00:00] app.INFO: Request received {"path":"/user/1","method":"get"} []
[2025-02-04T20:35:07.067323+00:00] app.INFO: SELECT * FROM users WHERE id = :w0 AND username = :w1 LIMIT 1 [] []
[2025-02-04T20:35:34.396877+00:00] app.INFO: Request received {"path":"/user/1","method":"get"} []
[2025-02-04T20:35:34.398160+00:00] app.INFO: SELECT * FROM users WHERE id = :w0 AND username = :w1 LIMIT 1 [] []
[2025-02-04T20:35:35.378414+00:00] app.INFO: Request received {"path":"/user/1","method":"get"} []
[2025-02-04T20:35:35.379770+00:00] app.INFO: SELECT * FROM users WHERE id = :w0 AND username = :w1 LIMIT 1 [] []
[2025-02-04T20:35:35.810049+00:00] app.INFO: Request received {"path":"/user/1","method":"get"} []
[2025-02-04T20:35:35.811343+00:00] app.INFO: SELECT * FROM users WHERE id = :w0 AND username = :w1 LIMIT 1 [] []
[2025-02-04T20:35:44.061751+00:00] app.INFO: Request received {"path":"/user/1","method":"get"} []
[2025-02-04T20:35:44.063194+00:00] app.INFO: SELECT * FROM users WHERE id = :w0 AND username = :w1 LIMIT 1 [] []
[2025-02-04T20:35:57.481015+00:00] app.INFO: Request received {"path":"/user/1","method":"get"} []
[2025-02-04T20:35:57.482379+00:00] app.INFO: SELECT * FROM users WHERE id = :w0 AND username = :w1 LIMIT 1 [] []
[2025-02-04T20:38:29.597322+00:00] app.INFO: Request received {"path":"/user/1","method":"get"} []
[2025-02-04T20:38:29.598869+00:00] app.INFO: SELECT * FROM users WHERE id = :w0 AND username = :w1 LIMIT 1 [] []
[2025-02-04T20:40:21.043928+00:00] app.INFO: Request received {"path":"/user/1","method":"get"} []
[2025-02-04T20:40:21.045173+00:00] app.INFO: SELECT * FROM users WHERE id = :w0 AND username = :w1 LIMIT 1 [] []
[2025-02-04T20:40:47.429622+00:00] app.INFO: Request received {"path":"/user/1","method":"get"} []
[2025-02-04T20:40:47.431211+00:00] app.INFO: SELECT * FROM users WHERE id = :w0 AND username = :w1 LIMIT 1 [] []
[2025-02-04T20:40:57.250028+00:00] app.INFO: Request received {"path":"/user/1","method":"get"} []
[2025-02-04T20:40:57.251255+00:00] app.INFO: SELECT * FROM users WHERE id = :w0 AND username = :w1 LIMIT 1 [] []
[2025-02-04T20:41:16.742677+00:00] app.INFO: Request received {"path":"/user/1","method":"get"} []
[2025-02-04T20:41:16.744241+00:00] app.ERROR: You dont have permission to access this page {"exception":"[object] (app\\core\\exceptions\\ForbiddenException(code: 403): You dont have permission to access this page at /home/mawsis/MVC-php-core/core/middlewares/AuthMiddleware.php:13)"} []
[2025-02-04T20:41:25.850924+00:00] app.INFO: Request received {"path":"/user/1","method":"get"} []
[2025-02-04T20:41:25.851768+00:00] app.ERROR: You dont have permission to access this page {"exception":"[object] (app\\core\\exceptions\\ForbiddenException(code: 403): You dont have permission to access this page at /home/mawsis/MVC-php-core/core/middlewares/AuthMiddleware.php:13)"} []
[2025-02-04T20:41:26.332041+00:00] app.INFO: Request received {"path":"/user/1","method":"get"} []
[2025-02-04T20:41:26.332941+00:00] app.ERROR: You dont have permission to access this page {"exception":"[object] (app\\core\\exceptions\\ForbiddenException(code: 403): You dont have permission to access this page at /home/mawsis/MVC-php-core/core/middlewares/AuthMiddleware.php:13)"} []
[2025-02-04T20:41:26.667468+00:00] app.INFO: Request received {"path":"/user/1","method":"get"} []
[2025-02-04T20:41:26.668368+00:00] app.ERROR: You dont have permission to access this page {"exception":"[object] (app\\core\\exceptions\\ForbiddenException(code: 403): You dont have permission to access this page at /home/mawsis/MVC-php-core/core/middlewares/AuthMiddleware.php:13)"} []
[2025-02-04T20:41:26.879231+00:00] app.INFO: Request received {"path":"/user/1","method":"get"} []
[2025-02-04T20:41:26.880099+00:00] app.ERROR: You dont have permission to access this page {"exception":"[object] (app\\core\\exceptions\\ForbiddenException(code: 403): You dont have permission to access this page at /home/mawsis/MVC-php-core/core/middlewares/AuthMiddleware.php:13)"} []
[2025-02-04T20:41:27.069863+00:00] app.INFO: Request received {"path":"/user/1","method":"get"} []
[2025-02-04T20:41:27.070586+00:00] app.ERROR: You dont have permission to access this page {"exception":"[object] (app\\core\\exceptions\\ForbiddenException(code: 403): You dont have permission to access this page at /home/mawsis/MVC-php-core/core/middlewares/AuthMiddleware.php:13)"} []
[2025-02-04T20:41:27.253890+00:00] app.INFO: Request received {"path":"/user/1","method":"get"} []
[2025-02-04T20:41:27.254610+00:00] app.ERROR: You dont have permission to access this page {"exception":"[object] (app\\core\\exceptions\\ForbiddenException(code: 403): You dont have permission to access this page at /home/mawsis/MVC-php-core/core/middlewares/AuthMiddleware.php:13)"} []
[2025-02-04T20:41:27.438959+00:00] app.INFO: Request received {"path":"/user/1","method":"get"} []
[2025-02-04T20:41:27.439718+00:00] app.ERROR: You dont have permission to access this page {"exception":"[object] (app\\core\\exceptions\\ForbiddenException(code: 403): You dont have permission to access this page at /home/mawsis/MVC-php-core/core/middlewares/AuthMiddleware.php:13)"} []
[2025-02-04T20:41:40.678308+00:00] app.INFO: Request received {"path":"/user/1","method":"get"} []
[2025-02-04T20:41:40.679243+00:00] app.ERROR: You dont have permission to access this page {"exception":"[object] (app\\core\\exceptions\\ForbiddenException(code: 403): You dont have permission to access this page at /home/mawsis/MVC-php-core/core/middlewares/AuthMiddleware.php:13)"} []
[2025-02-04T20:41:55.841557+00:00] app.INFO: Request received {"path":"/user/1","method":"get"} []
[2025-02-04T20:41:55.842539+00:00] app.ERROR: You dont have permission to access this page {"exception":"[object] (app\\core\\exceptions\\ForbiddenException(code: 403): You dont have permission to access this page at /home/mawsis/MVC-php-core/core/middlewares/AuthMiddleware.php:13)"} []
[2025-02-04T20:41:57.030140+00:00] app.INFO: Request received {"path":"/user/1","method":"get"} []
[2025-02-04T20:41:57.030946+00:00] app.ERROR: You dont have permission to access this page {"exception":"[object] (app\\core\\exceptions\\ForbiddenException(code: 403): You dont have permission to access this page at /home/mawsis/MVC-php-core/core/middlewares/AuthMiddleware.php:13)"} []
[2025-02-04T20:41:57.199738+00:00] app.INFO: Request received {"path":"/user/1","method":"get"} []
[2025-02-04T20:41:57.200505+00:00] app.ERROR: You dont have permission to access this page {"exception":"[object] (app\\core\\exceptions\\ForbiddenException(code: 403): You dont have permission to access this page at /home/mawsis/MVC-php-core/core/middlewares/AuthMiddleware.php:13)"} []
[2025-02-04T20:44:25.155220+00:00] app.INFO: Request received {"path":"/user/1","method":"get"} []
[2025-02-04T20:44:25.156759+00:00] app.INFO: SELECT * FROM users WHERE id = :w0 AND username = :w1 LIMIT 1 [] []
[2025-02-04T20:44:30.009351+00:00] app.INFO: Request received {"path":"/user/1","method":"get"} []
[2025-02-04T20:44:30.010703+00:00] app.INFO: SELECT * FROM users WHERE id = :w0 AND username = :w1 LIMIT 1 [] []
[2025-02-04T20:44:30.570998+00:00] app.INFO: Request received {"path":"/user/1","method":"get"} []
[2025-02-04T20:44:30.572276+00:00] app.INFO: SELECT * FROM users WHERE id = :w0 AND username = :w1 LIMIT 1 [] []
[2025-02-04T20:44:36.369427+00:00] app.INFO: Request received {"path":"/user/1","method":"get"} []
[2025-02-04T20:44:36.370690+00:00] app.INFO: SELECT * FROM users WHERE id = :w0 AND username = :w1 LIMIT 1 [] []
[2025-02-04T20:44:36.921007+00:00] app.INFO: Request received {"path":"/user/1","method":"get"} []
[2025-02-04T20:44:36.922412+00:00] app.INFO: SELECT * FROM users WHERE id = :w0 AND username = :w1 LIMIT 1 [] []
[2025-02-04T20:44:37.100912+00:00] app.INFO: Request received {"path":"/user/1","method":"get"} []
[2025-02-04T20:44:37.102491+00:00] app.INFO: SELECT * FROM users WHERE id = :w0 AND username = :w1 LIMIT 1 [] []
[2025-02-04T20:44:37.252324+00:00] app.INFO: Request received {"path":"/user/1","method":"get"} []
[2025-02-04T20:44:37.253524+00:00] app.INFO: SELECT * FROM users WHERE id = :w0 AND username = :w1 LIMIT 1 [] []
[2025-02-04T20:44:37.384778+00:00] app.INFO: Request received {"path":"/user/1","method":"get"} []
[2025-02-04T20:44:37.386799+00:00] app.INFO: SELECT * FROM users WHERE id = :w0 AND username = :w1 LIMIT 1 [] []
[2025-02-04T20:44:39.663073+00:00] app.INFO: Request received {"path":"/","method":"get"} []
[2025-02-04T20:44:44.058511+00:00] app.INFO: Request received {"path":"/","method":"get"} []
[2025-02-04T20:44:44.424546+00:00] app.INFO: Request received {"path":"/","method":"get"} []
[2025-02-04T20:44:44.590919+00:00] app.INFO: Request received {"path":"/","method":"get"} []
[2025-02-04T20:44:44.749311+00:00] app.INFO: Request received {"path":"/","method":"get"} []
[2025-02-04T20:44:44.900894+00:00] app.INFO: Request received {"path":"/","method":"get"} []
[2025-02-04T20:44:45.047766+00:00] app.INFO: Request received {"path":"/","method":"get"} []
[2025-02-04T20:44:45.217184+00:00] app.INFO: Request received {"path":"/","method":"get"} []
[2025-02-04T20:44:45.359802+00:00] app.INFO: Request received {"path":"/","method":"get"} []
[2025-02-04T20:44:45.494470+00:00] app.INFO: Request received {"path":"/","method":"get"} []
[2025-02-04T20:44:51.170067+00:00] app.INFO: Request received {"path":"/contact","method":"get"} []
[2025-02-04T20:44:51.171289+00:00] app.ERROR: app\core\form\InputField::__construct(): Argument #1 ($model) must be of type app\core\Model, null given, called in /home/mawsis/MVC-php-core/views/contact.php on line 8 {"exception":"[object] (TypeError(code: 0): app\\core\\form\\InputField::__construct(): Argument #1 ($model) must be of type app\\core\\Model, null given, called in /home/mawsis/MVC-php-core/views/contact.php on line 8 at /home/mawsis/MVC-php-core/core/form/InputField.php:6)"} []
[2025-02-04T20:45:15.475731+00:00] app.INFO: Request received {"path":"/contact","method":"get"} []
[2025-02-04T20:45:15.476795+00:00] app.ERROR: app\core\form\InputField::__construct(): Argument #1 ($model) must be of type app\core\Model, null given, called in /home/mawsis/MVC-php-core/views/contact.php on line 8 {"exception":"[object] (TypeError(code: 0): app\\core\\form\\InputField::__construct(): Argument #1 ($model) must be of type app\\core\\Model, null given, called in /home/mawsis/MVC-php-core/views/contact.php on line 8 at /home/mawsis/MVC-php-core/core/form/InputField.php:6)"} []
[2025-02-04T20:45:17.770107+00:00] app.INFO: Request received {"path":"/","method":"get"} []
[2025-02-04T20:47:02.129671+00:00] app.INFO: Request received {"path":"/","method":"get"} []
[2025-02-04T20:47:39.561862+00:00] app.INFO: Request received {"path":"/","method":"get"} []
[2025-02-04T20:47:40.937607+00:00] app.INFO: Request received {"path":"/","method":"get"} []
[2025-02-04T20:47:41.158988+00:00] app.INFO: Request received {"path":"/","method":"get"} []
[2025-02-04T20:47:41.315316+00:00] app.INFO: Request received {"path":"/","method":"get"} []
[2025-02-04T20:47:50.446671+00:00] app.INFO: Request received {"path":"/","method":"get"} []
[2025-02-04T20:47:58.119597+00:00] app.INFO: Request received {"path":"/","method":"get"} []
[2025-02-04T20:47:58.510901+00:00] app.INFO: Request received {"path":"/","method":"get"} []
[2025-02-04T20:47:58.702957+00:00] app.INFO: Request received {"path":"/","method":"get"} []
[2025-02-04T20:48:07.758720+00:00] app.INFO: Request received {"path":"/","method":"get"} []
[2025-02-04T20:48:16.844720+00:00] app.INFO: Request received {"path":"/","method":"get"} []
[2025-02-04T20:48:17.223659+00:00] app.INFO: Request received {"path":"/","method":"get"} []
[2025-02-04T20:48:17.408094+00:00] app.INFO: Request received {"path":"/","method":"get"} []
[2025-02-04T20:48:19.202366+00:00] app.INFO: Request received {"path":"/","method":"get"} []
[2025-02-04T20:48:20.395760+00:00] app.INFO: Request received {"path":"/contact","method":"get"} []
[2025-02-04T20:48:20.397095+00:00] app.ERROR: app\core\form\InputField::__construct(): Argument #1 ($model) must be of type app\core\Model, null given, called in /home/mawsis/MVC-php-core/views/contact.php on line 8 {"exception":"[object] (TypeError(code: 0): app\\core\\form\\InputField::__construct(): Argument #1 ($model) must be of type app\\core\\Model, null given, called in /home/mawsis/MVC-php-core/views/contact.php on line 8 at /home/mawsis/MVC-php-core/core/form/InputField.php:6)"} []
[2025-02-04T20:48:33.082047+00:00] app.INFO: Request received {"path":"/","method":"get"} []
[2025-02-04T20:48:33.082869+00:00] app.ERROR: Page Not Found {"exception":"[object] (app\\core\\exceptions\\NotFoundException(code: 404): Page Not Found at /home/mawsis/MVC-php-core/core/Router.php:42)"} []
[2025-02-04T20:48:56.642299+00:00] app.INFO: Request received {"path":"/","method":"get"} []
[2025-02-04T20:48:57.272370+00:00] app.INFO: Request received {"path":"/","method":"get"} []
[2025-02-04T20:48:57.463594+00:00] app.INFO: Request received {"path":"/","method":"get"} []
[2025-02-04T20:49:08.249045+00:00] app.INFO: Request received {"path":"/","method":"get"} []
[2025-02-04T20:49:20.257478+00:00] app.INFO: Request received {"path":"/","method":"get"} []
[2025-02-04T20:49:28.882279+00:00] app.INFO: Request received {"path":"/","method":"get"} []
[2025-02-04T20:49:54.119854+00:00] app.INFO: Request received {"path":"/","method":"get"} []
[2025-02-04T20:49:54.120915+00:00] app.ERROR: app\core\form\InputField::__construct(): Argument #1 ($model) must be of type app\core\Model, null given, called in /home/mawsis/MVC-php-core/views/contact.php on line 8 {"exception":"[object] (TypeError(code: 0): app\\core\\form\\InputField::__construct(): Argument #1 ($model) must be of type app\\core\\Model, null given, called in /home/mawsis/MVC-php-core/views/contact.php on line 8 at /home/mawsis/MVC-php-core/core/form/InputField.php:6)"} []
[2025-02-04T20:49:55.515557+00:00] app.INFO: Request received {"path":"/","method":"get"} []
[2025-02-04T20:49:55.516489+00:00] app.ERROR: app\core\form\InputField::__construct(): Argument #1 ($model) must be of type app\core\Model, null given, called in /home/mawsis/MVC-php-core/views/contact.php on line 8 {"exception":"[object] (TypeError(code: 0): app\\core\\form\\InputField::__construct(): Argument #1 ($model) must be of type app\\core\\Model, null given, called in /home/mawsis/MVC-php-core/views/contact.php on line 8 at /home/mawsis/MVC-php-core/core/form/InputField.php:6)"} []
[2025-02-04T20:50:03.280134+00:00] app.INFO: Request received {"path":"/contact","method":"get"} []
[2025-02-04T20:50:03.281059+00:00] app.ERROR: app\core\form\InputField::__construct(): Argument #1 ($model) must be of type app\core\Model, null given, called in /home/mawsis/MVC-php-core/views/contact.php on line 8 {"exception":"[object] (TypeError(code: 0): app\\core\\form\\InputField::__construct(): Argument #1 ($model) must be of type app\\core\\Model, null given, called in /home/mawsis/MVC-php-core/views/contact.php on line 8 at /home/mawsis/MVC-php-core/core/form/InputField.php:6)"} []
[2025-02-04T20:50:04.262864+00:00] app.INFO: Request received {"path":"/","method":"get"} []
[2025-02-04T20:50:04.263851+00:00] app.ERROR: app\core\form\InputField::__construct(): Argument #1 ($model) must be of type app\core\Model, null given, called in /home/mawsis/MVC-php-core/views/contact.php on line 8 {"exception":"[object] (TypeError(code: 0): app\\core\\form\\InputField::__construct(): Argument #1 ($model) must be of type app\\core\\Model, null given, called in /home/mawsis/MVC-php-core/views/contact.php on line 8 at /home/mawsis/MVC-php-core/core/form/InputField.php:6)"} []
[2025-02-04T20:50:04.676107+00:00] app.INFO: Request received {"path":"/user/1","method":"get"} []
[2025-02-04T20:50:04.676911+00:00] app.ERROR: You dont have permission to access this page {"exception":"[object] (app\\core\\exceptions\\ForbiddenException(code: 403): You dont have permission to access this page at /home/mawsis/MVC-php-core/core/middlewares/AuthMiddleware.php:12)"} []
[2025-02-04T20:50:50.965183+00:00] app.INFO: Request received {"path":"/user/1","method":"get"} []
[2025-02-04T20:50:50.966029+00:00] app.ERROR: You dont have permission to access this page {"exception":"[object] (app\\core\\exceptions\\ForbiddenException(code: 403): You dont have permission to access this page at /home/mawsis/MVC-php-core/core/middlewares/AuthMiddleware.php:12)"} []
[2025-02-04T20:50:52.595440+00:00] app.INFO: Request received {"path":"/","method":"get"} []
[2025-02-04T20:50:52.596435+00:00] app.ERROR: app\core\form\InputField::__construct(): Argument #1 ($model) must be of type app\core\Model, null given, called in /home/mawsis/MVC-php-core/views/contact.php on line 8 {"exception":"[object] (TypeError(code: 0): app\\core\\form\\InputField::__construct(): Argument #1 ($model) must be of type app\\core\\Model, null given, called in /home/mawsis/MVC-php-core/views/contact.php on line 8 at /home/mawsis/MVC-php-core/core/form/InputField.php:6)"} []
[2025-02-04T20:52:21.696257+00:00] app.INFO: Request received {"path":"/","method":"get"} []
[2025-02-04T20:52:21.697408+00:00] app.ERROR: app\core\form\InputField::__construct(): Argument #1 ($model) must be of type app\core\Model, null given, called in /home/mawsis/MVC-php-core/views/contact.php on line 8 {"exception":"[object] (TypeError(code: 0): app\\core\\form\\InputField::__construct(): Argument #1 ($model) must be of type app\\core\\Model, null given, called in /home/mawsis/MVC-php-core/views/contact.php on line 8 at /home/mawsis/MVC-php-core/core/form/InputField.php:6)"} []
[2025-02-04T20:53:08.029852+00:00] app.INFO: Request received {"path":"/","method":"get"} []
[2025-02-04T20:53:08.030840+00:00] app.ERROR: Page Not Found {"exception":"[object] (app\\core\\exceptions\\NotFoundException(code: 404): Page Not Found at /home/mawsis/MVC-php-core/core/Router.php:44)"} []
[2025-02-04T20:53:28.070351+00:00] app.INFO: Request received {"path":"/user/1","method":"get"} []
[2025-02-04T20:53:28.071296+00:00] app.ERROR: Page Not Found {"exception":"[object] (app\\core\\exceptions\\NotFoundException(code: 404): Page Not Found at /home/mawsis/MVC-php-core/core/Router.php:44)"} []
[2025-02-04T20:57:32.572695+00:00] app.INFO: Request received {"path":"/user/1","method":"get"} []
[2025-02-04T20:57:32.573793+00:00] app.ERROR: app\core\Router::executeMiddlewares(): Argument #2 ($route) must be of type string, null given, called in /home/mawsis/MVC-php-core/core/Router.php on line 46 {"exception":"[object] (TypeError(code: 0): app\\core\\Router::executeMiddlewares(): Argument #2 ($route) must be of type string, null given, called in /home/mawsis/MVC-php-core/core/Router.php on line 46 at /home/mawsis/MVC-php-core/core/Router.php:96)"} []
[2025-02-04T20:57:34.406529+00:00] app.INFO: Request received {"path":"/","method":"get"} []
[2025-02-04T20:57:34.407317+00:00] app.ERROR: app\core\Router::executeMiddlewares(): Argument #2 ($route) must be of type string, null given, called in /home/mawsis/MVC-php-core/core/Router.php on line 46 {"exception":"[object] (TypeError(code: 0): app\\core\\Router::executeMiddlewares(): Argument #2 ($route) must be of type string, null given, called in /home/mawsis/MVC-php-core/core/Router.php on line 46 at /home/mawsis/MVC-php-core/core/Router.php:96)"} []
[2025-02-04T20:57:35.405480+00:00] app.INFO: Request received {"path":"/","method":"get"} []
[2025-02-04T20:57:35.406215+00:00] app.ERROR: app\core\Router::executeMiddlewares(): Argument #2 ($route) must be of type string, null given, called in /home/mawsis/MVC-php-core/core/Router.php on line 46 {"exception":"[object] (TypeError(code: 0): app\\core\\Router::executeMiddlewares(): Argument #2 ($route) must be of type string, null given, called in /home/mawsis/MVC-php-core/core/Router.php on line 46 at /home/mawsis/MVC-php-core/core/Router.php:96)"} []
[2025-02-04T20:58:39.226465+00:00] app.INFO: Request received {"path":"/","method":"get"} []
[2025-02-04T20:58:40.421910+00:00] app.INFO: Request received {"path":"/","method":"get"} []
[2025-02-04T20:58:47.434635+00:00] app.INFO: Request received {"path":"/","method":"get"} []
[2025-02-04T20:58:53.154518+00:00] app.INFO: Request received {"path":"/user/1","method":"get"} []
[2025-02-04T20:58:53.155299+00:00] app.ERROR: Class "/user/{id}" not found {"exception":"[object] (Error(code: 0): Class \"/user/{id}\" not found at /home/mawsis/MVC-php-core/core/Router.php:53)"} []
[2025-02-04T21:00:58.498420+00:00] app.INFO: Request received {"path":"/user/1","method":"get"} []
[2025-02-04T21:00:58.499218+00:00] app.ERROR: Class "/user/{id}" not found {"exception":"[object] (Error(code: 0): Class \"/user/{id}\" not found at /home/mawsis/MVC-php-core/core/Router.php:56)"} []
[2025-02-04T21:01:01.655184+00:00] app.INFO: Request received {"path":"/user/1","method":"get"} []
[2025-02-04T21:01:01.655923+00:00] app.ERROR: Class "/user/{id}" not found {"exception":"[object] (Error(code: 0): Class \"/user/{id}\" not found at /home/mawsis/MVC-php-core/core/Router.php:56)"} []
[2025-02-04T21:01:02.247778+00:00] app.INFO: Request received {"path":"/user/1","method":"get"} []
[2025-02-04T21:01:02.248594+00:00] app.ERROR: Class "/user/{id}" not found {"exception":"[object] (Error(code: 0): Class \"/user/{id}\" not found at /home/mawsis/MVC-php-core/core/Router.php:56)"} []
[2025-02-04T21:01:02.424394+00:00] app.INFO: Request received {"path":"/user/1","method":"get"} []
[2025-02-04T21:01:02.425078+00:00] app.ERROR: Class "/user/{id}" not found {"exception":"[object] (Error(code: 0): Class \"/user/{id}\" not found at /home/mawsis/MVC-php-core/core/Router.php:56)"} []
[2025-02-04T21:01:02.569550+00:00] app.INFO: Request received {"path":"/user/1","method":"get"} []
[2025-02-04T21:01:02.570652+00:00] app.ERROR: Class "/user/{id}" not found {"exception":"[object] (Error(code: 0): Class \"/user/{id}\" not found at /home/mawsis/MVC-php-core/core/Router.php:56)"} []
[2025-02-04T21:01:02.710820+00:00] app.INFO: Request received {"path":"/user/1","method":"get"} []
[2025-02-04T21:01:02.712024+00:00] app.ERROR: Class "/user/{id}" not found {"exception":"[object] (Error(code: 0): Class \"/user/{id}\" not found at /home/mawsis/MVC-php-core/core/Router.php:56)"} []
[2025-02-04T21:01:12.122660+00:00] app.INFO: Request received {"path":"/user/1","method":"get"} []
[2025-02-04T21:01:12.123536+00:00] app.ERROR: Class "/user/{id}" not found {"exception":"[object] (Error(code: 0): Class \"/user/{id}\" not found at /home/mawsis/MVC-php-core/core/Router.php:57)"} []
[2025-02-04T21:01:46.933702+00:00] app.INFO: Request received {"path":"/user/1","method":"get"} []
[2025-02-04T21:01:46.934540+00:00] app.ERROR: Class "/user/{id}" not found {"exception":"[object] (Error(code: 0): Class \"/user/{id}\" not found at /home/mawsis/MVC-php-core/core/Router.php:57)"} []
[2025-02-04T21:01:49.207890+00:00] app.INFO: Request received {"path":"/user/1","method":"get"} []
[2025-02-04T21:01:49.208729+00:00] app.ERROR: Class "/user/{id}" not found {"exception":"[object] (Error(code: 0): Class \"/user/{id}\" not found at /home/mawsis/MVC-php-core/core/Router.php:57)"} []
[2025-02-04T21:02:15.794414+00:00] app.INFO: Request received {"path":"/user/1","method":"get"} []
[2025-02-04T21:02:15.795163+00:00] app.ERROR: Class "/user/{id}" not found {"exception":"[object] (Error(code: 0): Class \"/user/{id}\" not found at /home/mawsis/MVC-php-core/core/Router.php:56)"} []
[2025-02-04T21:02:25.562208+00:00] app.INFO: Request received {"path":"/user/1","method":"get"} []
[2025-02-04T21:02:25.563048+00:00] app.ERROR: Class "/user/{id}" not found {"exception":"[object] (Error(code: 0): Class \"/user/{id}\" not found at /home/mawsis/MVC-php-core/core/Router.php:57)"} []
[2025-02-04T21:03:52.172782+00:00] app.INFO: Request received {"path":"/user/1","method":"get"} []
[2025-02-04T21:03:52.173860+00:00] app.ERROR: Class "/user/{id}" not found {"exception":"[object] (Error(code: 0): Class \"/user/{id}\" not found at /home/mawsis/MVC-php-core/core/Router.php:60)"} []
[2025-02-04T21:04:06.789966+00:00] app.INFO: Request received {"path":"/user/1","method":"get"} []
[2025-02-04T21:04:06.790742+00:00] app.ERROR: Class "/user/{id}" not found {"exception":"[object] (Error(code: 0): Class \"/user/{id}\" not found at /home/mawsis/MVC-php-core/core/Router.php:60)"} []
[2025-02-04T21:04:07.228378+00:00] app.INFO: Request received {"path":"/user/1","method":"get"} []
[2025-02-04T21:04:07.229272+00:00] app.ERROR: Class "/user/{id}" not found {"exception":"[object] (Error(code: 0): Class \"/user/{id}\" not found at /home/mawsis/MVC-php-core/core/Router.php:60)"} []
[2025-02-04T21:04:11.999767+00:00] app.INFO: Request received {"path":"/user/1","method":"get"} []
[2025-02-04T21:04:12.000522+00:00] app.ERROR: Class "/user/{id}" not found {"exception":"[object] (Error(code: 0): Class \"/user/{id}\" not found at /home/mawsis/MVC-php-core/core/Router.php:60)"} []
[2025-02-04T21:04:12.468045+00:00] app.INFO: Request received {"path":"/user/1","method":"get"} []
[2025-02-04T21:04:12.468880+00:00] app.ERROR: Class "/user/{id}" not found {"exception":"[object] (Error(code: 0): Class \"/user/{id}\" not found at /home/mawsis/MVC-php-core/core/Router.php:60)"} []
[2025-02-04T21:04:12.660786+00:00] app.INFO: Request received {"path":"/user/1","method":"get"} []
[2025-02-04T21:04:12.661592+00:00] app.ERROR: Class "/user/{id}" not found {"exception":"[object] (Error(code: 0): Class \"/user/{id}\" not found at /home/mawsis/MVC-php-core/core/Router.php:60)"} []
[2025-02-04T21:04:29.163213+00:00] app.INFO: Request received {"path":"/user/1","method":"get"} []
[2025-02-04T21:04:29.163938+00:00] app.ERROR: You dont have permission to access this page {"exception":"[object] (app\\core\\exceptions\\ForbiddenException(code: 403): You dont have permission to access this page at /home/mawsis/MVC-php-core/core/middlewares/AuthMiddleware.php:12)"} []
[2025-02-04T21:06:59.283785+00:00] app.INFO: Request received {"path":"/user/1","method":"get"} []
[2025-02-04T21:06:59.284670+00:00] app.ERROR: You dont have permission to access this page {"exception":"[object] (app\\core\\exceptions\\ForbiddenException(code: 403): You dont have permission to access this page at /home/mawsis/MVC-php-core/core/middlewares/AuthMiddleware.php:12)"} []
[2025-02-04T21:07:03.339076+00:00] app.INFO: Request received {"path":"/user/1","method":"get"} []
[2025-02-04T21:07:03.339839+00:00] app.ERROR: You dont have permission to access this page {"exception":"[object] (app\\core\\exceptions\\ForbiddenException(code: 403): You dont have permission to access this page at /home/mawsis/MVC-php-core/core/middlewares/AuthMiddleware.php:12)"} []
[2025-02-04T21:07:03.509993+00:00] app.INFO: Request received {"path":"/user/1","method":"get"} []
[2025-02-04T21:07:03.510933+00:00] app.ERROR: You dont have permission to access this page {"exception":"[object] (app\\core\\exceptions\\ForbiddenException(code: 403): You dont have permission to access this page at /home/mawsis/MVC-php-core/core/middlewares/AuthMiddleware.php:12)"} []
[2025-02-04T21:07:03.641349+00:00] app.INFO: Request received {"path":"/user/1","method":"get"} []
[2025-02-04T21:07:03.642382+00:00] app.ERROR: You dont have permission to access this page {"exception":"[object] (app\\core\\exceptions\\ForbiddenException(code: 403): You dont have permission to access this page at /home/mawsis/MVC-php-core/core/middlewares/AuthMiddleware.php:12)"} []
[2025-02-04T21:07:07.305355+00:00] app.INFO: Request received {"path":"/","method":"get"} []
[2025-02-04T21:07:16.885883+00:00] app.INFO: Request received {"path":"/","method":"get"} []
[2025-02-04T21:07:17.521130+00:00] app.INFO: Request received {"path":"/contact","method":"get"} []
[2025-02-04T21:07:17.522002+00:00] app.ERROR: app\core\form\InputField::__construct(): Argument #1 ($model) must be of type app\core\Model, null given, called in /home/mawsis/MVC-php-core/views/contact.php on line 8 {"exception":"[object] (TypeError(code: 0): app\\core\\form\\InputField::__construct(): Argument #1 ($model) must be of type app\\core\\Model, null given, called in /home/mawsis/MVC-php-core/views/contact.php on line 8 at /home/mawsis/MVC-php-core/core/form/InputField.php:6)"} []
[2025-02-04T21:07:23.285568+00:00] app.INFO: Request received {"path":"/login","method":"get"} []
[2025-02-04T21:07:23.286480+00:00] app.ERROR: app\core\form\InputField::__construct(): Argument #1 ($model) must be of type app\core\Model, null given, called in /home/mawsis/MVC-php-core/views/login.php on line 6 {"exception":"[object] (TypeError(code: 0): app\\core\\form\\InputField::__construct(): Argument #1 ($model) must be of type app\\core\\Model, null given, called in /home/mawsis/MVC-php-core/views/login.php on line 6 at /home/mawsis/MVC-php-core/core/form/InputField.php:6)"} []
[2025-02-04T21:07:25.786109+00:00] app.INFO: Request received {"path":"/","method":"get"} []
[2025-02-04T21:07:26.017290+00:00] app.INFO: Request received {"path":"/","method":"get"} []
[2025-02-04T21:07:26.153935+00:00] app.INFO: Request received {"path":"/","method":"get"} []
[2025-02-04T21:07:26.271386+00:00] app.INFO: Request received {"path":"/","method":"get"} []
[2025-02-04T21:07:26.480717+00:00] app.INFO: Request received {"path":"/","method":"get"} []
[2025-02-04T21:07:26.656209+00:00] app.INFO: Request received {"path":"/","method":"get"} []
[2025-02-04T21:07:26.821503+00:00] app.INFO: Request received {"path":"/","method":"get"} []
[2025-02-04T21:07:26.979876+00:00] app.INFO: Request received {"path":"/","method":"get"} []
[2025-02-04T21:07:53.557063+00:00] app.INFO: Request received {"path":"/","method":"get"} []
[2025-02-04T21:08:05.986038+00:00] app.INFO: Request received {"path":"/","method":"get"} []
[2025-02-04T21:08:17.632951+00:00] app.INFO: Request received {"path":"/user/1","method":"get"} []
[2025-02-04T21:08:17.633759+00:00] app.ERROR: You dont have permission to access this page {"exception":"[object] (app\\core\\exceptions\\ForbiddenException(code: 403): You dont have permission to access this page at /home/mawsis/MVC-php-core/core/middlewares/AuthMiddleware.php:12)"} []
[2025-02-04T21:08:18.886777+00:00] app.INFO: Request received {"path":"/user/1","method":"get"} []
[2025-02-04T21:08:18.887709+00:00] app.ERROR: You dont have permission to access this page {"exception":"[object] (app\\core\\exceptions\\ForbiddenException(code: 403): You dont have permission to access this page at /home/mawsis/MVC-php-core/core/middlewares/AuthMiddleware.php:12)"} []
[2025-02-04T21:08:28.132581+00:00] app.INFO: Request received {"path":"/user/1","method":"get"} []
[2025-02-04T21:08:28.137356+00:00] app.ERROR: Class "/user/{id}" not found {"exception":"[object] (Error(code: 0): Class \"/user/{id}\" not found at /home/mawsis/MVC-php-core/core/Router.php:58)"} []
[2025-02-04T21:09:21.197922+00:00] app.INFO: Request received {"path":"/user/1","method":"get"} []
[2025-02-04T21:09:21.198732+00:00] app.ERROR: You dont have permission to access this page {"exception":"[object] (app\\core\\exceptions\\ForbiddenException(code: 403): You dont have permission to access this page at /home/mawsis/MVC-php-core/core/middlewares/AuthMiddleware.php:12)"} []
[2025-02-04T21:09:22.961664+00:00] app.INFO: Request received {"path":"/","method":"get"} []
[2025-02-04T21:09:24.447507+00:00] app.INFO: Request received {"path":"/contact","method":"get"} []
[2025-02-04T21:09:34.223443+00:00] app.INFO: Request received {"path":"/contact","method":"get"} []
[2025-02-04T21:09:53.980717+00:00] app.INFO: Request received {"path":"/","method":"get"} []
[2025-02-04T21:09:55.040488+00:00] app.INFO: Request received {"path":"/user/1","method":"get"} []
[2025-02-04T21:09:55.041763+00:00] app.INFO: SELECT * FROM users WHERE id = :w0 AND username = :w1 LIMIT 1 [] []
[2025-02-04T21:10:22.425131+00:00] app.INFO: Request received {"path":"/user/1","method":"get"} []
[2025-02-04T21:10:22.430227+00:00] app.INFO: SELECT * FROM users WHERE id = :w0 AND username = :w1 LIMIT 1 [] []
[2025-02-04T21:10:48.184509+00:00] app.INFO: Request received {"path":"/user/1","method":"get"} []
[2025-02-04T21:10:48.189313+00:00] app.ERROR: You dont have permission to access this page {"exception":"[object] (app\\core\\exceptions\\ForbiddenException(code: 403): You dont have permission to access this page at /home/mawsis/MVC-php-core/core/middlewares/AuthMiddleware.php:12)"} []
[2025-02-04T21:11:30.593609+00:00] app.INFO: Request received {"path":"/user/1","method":"get"} []
[2025-02-04T21:11:30.599541+00:00] app.ERROR: You dont have permission to access this page {"exception":"[object] (app\\core\\exceptions\\ForbiddenException(code: 403): You dont have permission to access this page at /home/mawsis/MVC-php-core/core/middlewares/AuthMiddleware.php:12)"} []
[2025-02-04T21:11:31.161730+00:00] app.INFO: Request received {"path":"/user/1","method":"get"} []
[2025-02-04T21:11:31.168226+00:00] app.ERROR: You dont have permission to access this page {"exception":"[object] (app\\core\\exceptions\\ForbiddenException(code: 403): You dont have permission to access this page at /home/mawsis/MVC-php-core/core/middlewares/AuthMiddleware.php:12)"} []
[2025-02-04T21:11:31.624778+00:00] app.INFO: Request received {"path":"/user/1","method":"get"} []
[2025-02-04T21:11:31.629495+00:00] app.ERROR: You dont have permission to access this page {"exception":"[object] (app\\core\\exceptions\\ForbiddenException(code: 403): You dont have permission to access this page at /home/mawsis/MVC-php-core/core/middlewares/AuthMiddleware.php:12)"} []
[2025-02-04T22:47:08.857712+00:00] app.INFO: Request received {"path":"/","method":"get"} []
[2025-02-04T22:47:12.978358+00:00] app.INFO: Request received {"path":"/favicon.ico","method":"get"} []
[2025-02-04T22:47:12.979625+00:00] app.ERROR: Page Not Found {"exception":"[object] (app\\core\\exceptions\\NotFoundException(code: 404): Page Not Found at /home/mawsis/MVC-php-core/core/Router.php:43)"} []
[2025-02-04T22:47:13.422902+00:00] app.INFO: Request received {"path":"/","method":"get"} []
[2025-02-04T22:47:14.370454+00:00] app.INFO: Request received {"path":"/","method":"get"} []
[2025-02-04T22:47:16.106860+00:00] app.INFO: Request received {"path":"/contact","method":"get"} []
[2025-02-04T22:47:16.827307+00:00] app.INFO: Request received {"path":"/","method":"get"} []
[2025-02-04T22:47:17.895617+00:00] app.INFO: Request received {"path":"/","method":"get"} []
[2025-02-04T22:47:18.344695+00:00] app.INFO: Request received {"path":"/contact","method":"get"} []
[2025-02-04T22:54:59.406122+00:00] app.INFO: Request received {"path":"/api/repos","method":"get"} []
[2025-02-04T22:54:59.407257+00:00] app.ERROR: Page Not Found {"exception":"[object] (app\\core\\exceptions\\NotFoundException(code: 404): Page Not Found at /home/mawsis/MVC-php-core/core/Router.php:43)"} []
[2025-02-04T22:55:04.514227+00:00] app.INFO: Request received {"path":"/","method":"get"} []
[2025-02-04T22:55:05.822436+00:00] app.INFO: Request received {"path":"/","method":"get"} []
[2025-02-04T22:55:06.236458+00:00] app.INFO: Request received {"path":"/contact","method":"get"} []
[2025-02-04T22:55:06.807985+00:00] app.INFO: Request received {"path":"/","method":"get"} []
[2025-02-04T22:55:07.345581+00:00] app.INFO: Request received {"path":"/contact","method":"get"} []
[2025-02-04T22:55:09.377220+00:00] app.INFO: Request received {"path":"/register","method":"get"} []
[2025-02-04T22:55:10.926233+00:00] app.INFO: Request received {"path":"/login","method":"get"} []
[2025-02-04T22:55:14.718299+00:00] app.INFO: Request received {"path":"/login","method":"post"} []
[2025-02-04T22:55:15.027528+00:00] app.INFO: Request received {"path":"/","method":"get"} []
[2025-02-04T22:55:19.022900+00:00] app.INFO: Request received {"path":"/","method":"get"} []
[2025-02-04T23:07:24.493623+00:00] app.INFO: Request received {"path":"/","method":"get"} []
[2025-02-04T23:07:24.495794+00:00] app.ERROR: array_merge(): Argument #2 must be of type array, null given {"exception":"[object] (TypeError(code: 0): array_merge(): Argument #2 must be of type array, null given at /home/mawsis/MVC-php-core/core/Router.php:75)"} []
[2025-02-04T23:07:24.650450+00:00] app.INFO: Request received {"path":"/","method":"get"} []
[2025-02-04T23:07:24.651480+00:00] app.ERROR: array_merge(): Argument #2 must be of type array, null given {"exception":"[object] (TypeError(code: 0): array_merge(): Argument #2 must be of type array, null given at /home/mawsis/MVC-php-core/core/Router.php:75)"} []
[2025-02-04T23:07:25.410522+00:00] app.INFO: Request received {"path":"/","method":"get"} []
[2025-02-04T23:07:25.411176+00:00] app.ERROR: array_merge(): Argument #2 must be of type array, null given {"exception":"[object] (TypeError(code: 0): array_merge(): Argument #2 must be of type array, null given at /home/mawsis/MVC-php-core/core/Router.php:75)"} []
[2025-02-04T23:07:47.575897+00:00] app.INFO: Request received {"path":"/","method":"get"} []
[2025-02-04T23:07:56.368487+00:00] app.INFO: Request received {"path":"/user/1","method":"get"} []
[2025-02-04T23:07:56.369572+00:00] app.ERROR: Class "/user/{id}" not found {"exception":"[object] (Error(code: 0): Class \"/user/{id}\" not found at /home/mawsis/MVC-php-core/core/Router.php:67)"} []
[2025-02-04T23:29:52.530771+00:00] app.INFO: Request received {"path":"/","method":"get"} []
[2025-02-04T23:30:31.113901+00:00] app.INFO: Request received {"path":"/","method":"get"} []
[2025-02-04T23:31:01.594939+00:00] app.INFO: Request received {"path":"/","method":"get"} []
[2025-02-04T23:31:33.837136+00:00] app.INFO: Request received {"path":"/","method":"get"} []
[2025-02-04T23:32:15.667229+00:00] app.INFO: Request received {"path":"/","method":"get"} []
[2025-02-04T23:32:16.812169+00:00] app.INFO: Request received {"path":"/","method":"get"} []
[2025-02-04T23:32:17.114245+00:00] app.INFO: Request received {"path":"/","method":"get"} []
[2025-02-04T23:32:17.312833+00:00] app.INFO: Request received {"path":"/","method":"get"} []
[2025-02-04T23:32:17.501023+00:00] app.INFO: Request received {"path":"/","method":"get"} []
[2025-02-04T23:33:16.359595+00:00] app.INFO: Request received {"path":"/","method":"get"} []
[2025-02-04T23:33:35.510884+00:00] app.INFO: Request received {"path":"/","method":"get"} []
[2025-02-04T23:33:48.359497+00:00] app.INFO: Request received {"path":"/","method":"get"} []
[2025-02-04T23:34:18.584880+00:00] app.INFO: Request received {"path":"/","method":"get"} []
[2025-02-04T23:34:19.552239+00:00] app.INFO: Request received {"path":"/","method":"get"} []
[2025-02-04T23:34:19.856469+00:00] app.INFO: Request received {"path":"/","method":"get"} []
[2025-02-04T23:34:20.011947+00:00] app.INFO: Request received {"path":"/","method":"get"} []
[2025-02-04T23:34:27.399925+00:00] app.INFO: Request received {"path":"/","method":"get"} []
[2025-02-04T23:34:33.768157+00:00] app.INFO: Request received {"path":"/","method":"get"} []
[2025-02-04T23:34:34.121289+00:00] app.INFO: Request received {"path":"/","method":"get"} []
[2025-02-04T23:34:34.430638+00:00] app.INFO: Request received {"path":"/","method":"get"} []
[2025-02-04T23:35:24.903067+00:00] app.INFO: Request received {"path":"/","method":"get"} []
[2025-02-04T23:35:29.942556+00:00] app.INFO: Request received {"path":"/logout","method":"get"} []
[2025-02-04T23:35:30.246061+00:00] app.INFO: Request received {"path":"/","method":"get"} []
[2025-02-04T23:35:31.611562+00:00] app.INFO: Request received {"path":"/login","method":"get"} []
[2025-02-04T23:35:40.136761+00:00] app.INFO: Request received {"path":"/login","method":"post"} []
[2025-02-04T23:36:41.771064+00:00] app.INFO: Request received {"path":"/login","method":"get"} []
[2025-02-04T23:50:27.999178+00:00] app.INFO: Request received {"path":"/login","method":"get"} []
[2025-02-04T23:50:29.333431+00:00] app.INFO: Request received {"path":"/contact","method":"get"} []
[2025-02-04T23:50:29.892300+00:00] app.INFO: Request received {"path":"/","method":"get"} []
[2025-02-04T23:50:31.658795+00:00] app.INFO: Request received {"path":"/login","method":"get"} []
[2025-02-04T23:50:40.441820+00:00] app.INFO: Request received {"path":"/login","method":"post"} []
[2025-02-04T23:50:40.752470+00:00] app.INFO: Request received {"path":"/","method":"get"} []
[2025-02-04T23:50:48.220559+00:00] app.INFO: Request received {"path":"/","method":"get"} []
[2025-02-04T23:50:48.962285+00:00] app.INFO: Request received {"path":"/contact","method":"get"} []
[2025-02-04T23:51:21.150431+00:00] app.INFO: Request received {"path":"/contact","method":"post"} []
[2025-02-04T23:51:23.732466+00:00] app.INFO: Request received {"path":"/contact","method":"post"} []
[2025-02-04T23:51:27.512261+00:00] app.INFO: Request received {"path":"/contact","method":"post"} []
[2025-02-04T23:51:27.823753+00:00] app.INFO: Request received {"path":"/","method":"get"} []
[2025-02-04T23:52:27.507942+00:00] app.INFO: Request received {"path":"/logout","method":"get"} []
[2025-02-04T23:52:27.605832+00:00] app.INFO: Request received {"path":"/","method":"get"} []
[2025-02-04T23:52:29.033001+00:00] app.INFO: Request received {"path":"/login","method":"get"} []
[2025-02-04T23:52:36.966652+00:00] app.INFO: Request received {"path":"/login","method":"post"} []
[2025-02-04T23:52:36.967327+00:00] app.ERROR: Invalid CSRF token {"exception":"[object] (Exception(code: 403): Invalid CSRF token at /home/mawsis/MVC-php-core/core/middlewares/CsrfMiddleware.php:11)"} []
[2025-02-04T23:52:39.438890+00:00] app.INFO: Request received {"path":"/login","method":"get"} []
[2025-02-04T23:59:39.341220+00:00] app.INFO: Request received {"path":"/login","method":"get"} []
[2025-02-05T00:00:10.197953+00:00] app.INFO: Request received {"path":"/login","method":"get"} []
[2025-02-05T00:05:46.340330+00:00] app.INFO: Request received {"path":"/login","method":"get"} []
[2025-02-05T00:10:55.730914+00:00] app.INFO: Request received {"path":"/login","method":"get"} []
[2025-02-05T00:11:00.717665+00:00] app.INFO: Request received {"path":"/login","method":"post"} []
[2025-02-05T00:11:00.718345+00:00] app.ERROR: Invalid CSRF token {"exception":"[object] (Exception(code: 403): Invalid CSRF token at /home/mawsis/MVC-php-core/core/middlewares/CsrfMiddleware.php:11)"} []
[2025-02-05T00:13:15.472386+00:00] app.INFO: Request received {"path":"/login","method":"get"} []
[2025-02-05T00:13:16.489671+00:00] app.INFO: Request received {"path":"/login","method":"get"} []
[2025-02-05T00:13:17.697614+00:00] app.INFO: Request received {"path":"/login","method":"get"} []
[2025-02-05T00:13:20.443938+00:00] app.INFO: Request received {"path":"/login","method":"post"} []
[2025-02-05T00:13:25.173476+00:00] app.INFO: Request received {"path":"/login","method":"post"} []
[2025-02-05T00:13:25.488252+00:00] app.INFO: Request received {"path":"/","method":"get"} []
